2022-07-14 12:56:47 pm [Thread: main][ Class:employeeAssignment.Main >> Method: employeeAssignment.DBConnection.emptyDB(DBConnection.java:112) ]
INFO:Old Records from EmployeeDetails deleted!
2022-07-14 12:56:47 pm [Thread: main][ Class:employeeAssignment.Main >> Method: employeeAssignment.DBConnection.emptyDB(DBConnection.java:115) ]
INFO:Old Records from EmployeeDetails_failed deleted!
2022-07-14 12:56:47 pm [Thread: main][ Class:employeeAssignment.Main >> Method: employeeAssignment.DBConnection.insertIntoDB(DBConnection.java:31) ]
INFO:Insert Query ->Insert into EmployeeDetails values('198','Donald Oconnell','DOCONNEL@abc.com','650.507.9833','21-06-2007','SH_CLERK','2600',' - ','124','50',getDate())
2022-07-14 12:56:47 pm [Thread: main][ Class:employeeAssignment.Main >> Method: employeeAssignment.DBConnection.insertIntoDB(DBConnection.java:31) ]
INFO:Insert Query ->Insert into EmployeeDetails values('199','Douglas Grant','DGRANT@abc.com','650.507.9844','13-01-2008','SH_CLERK','2600',' - ','124','50',getDate())
2022-07-14 12:56:47 pm [Thread: main][ Class:employeeAssignment.Main >> Method: employeeAssignment.DBConnection.insertIntoDB(DBConnection.java:31) ]
INFO:Insert Query ->Insert into EmployeeDetails_Failed values('200','-','-','515.123/4444','-','AD_ASST','-','-','101','10',getDate())
2022-07-14 12:56:47 pm [Thread: main][ Class:employeeAssignment.Main >> Method: employeeAssignment.DBConnection.insertIntoDB(DBConnection.java:31) ]
INFO:Insert Query ->Insert into EmployeeDetails values('200','Jennifer Whalen','JWHALEN@abc.com','-','17-09-2003','AD_ASST','4400',' - ','101','10',getDate())
2022-07-14 12:56:47 pm [Thread: main][ Class:employeeAssignment.Main >> Method: employeeAssignment.DBConnection.insertIntoDB(DBConnection.java:31) ]
INFO:Insert Query ->Insert into EmployeeDetails values('201','Michael Hartstein','MHARTSTE@abc.com','515.123.5555','17-02-2004','MK_MAN','13000',' - ','100','20',getDate())
2022-07-14 12:56:47 pm [Thread: main][ Class:employeeAssignment.Main >> Method: employeeAssignment.DBConnection.insertIntoDB(DBConnection.java:31) ]
INFO:Insert Query ->Insert into EmployeeDetails values('202','Pat Fay','PFAY@abc.com','603.123.6666','17-08-2005','MK_REP','6000',' - ','201','20',getDate())
2022-07-14 12:56:47 pm [Thread: main][ Class:employeeAssignment.Main >> Method: employeeAssignment.DBConnection.insertIntoDB(DBConnection.java:31) ]
INFO:Insert Query ->Insert into EmployeeDetails values('203','Susan Mavris','SMAVRIS@abc.com','515.123.7777','07-06-2002','HR_REP','6500',' - ','101','40',getDate())
2022-07-14 12:56:47 pm [Thread: main][ Class:employeeAssignment.Main >> Method: employeeAssignment.DBConnection.insertIntoDB(DBConnection.java:31) ]
INFO:Insert Query ->Insert into EmployeeDetails values('204','Hermann Baer','HBAER@abc.com','515.123.8888','07-06-2002','PR_REP','10000',' - ','101','70',getDate())
2022-07-14 12:56:47 pm [Thread: main][ Class:employeeAssignment.Main >> Method: employeeAssignment.DBConnection.insertIntoDB(DBConnection.java:31) ]
INFO:Insert Query ->Insert into EmployeeDetails values('205','Shelley Higgins','SHIGGINS@abc.com','515.123.8080','07-06-2002','AC_MGR','12008',' - ','101','110',getDate())
2022-07-14 12:56:47 pm [Thread: main][ Class:employeeAssignment.Main >> Method: employeeAssignment.DBConnection.insertIntoDB(DBConnection.java:31) ]
INFO:Insert Query ->Insert into EmployeeDetails values('206','William Gietz','WGIETZ@abc.com','515.123.8181','07-06-2002','AC_ACCOUNT','8300',' - ','205','110',getDate())
2022-07-14 12:56:47 pm [Thread: main][ Class:employeeAssignment.Main >> Method: employeeAssignment.DBConnection.insertIntoDB(DBConnection.java:31) ]
INFO:Insert Query ->Insert into EmployeeDetails values('100','Steven King','SKING@abc.com','515.123.4567','17-06-2003','AD_PRES','24000',' - ','100','90',getDate())
2022-07-14 12:56:47 pm [Thread: main][ Class:employeeAssignment.Main >> Method: employeeAssignment.DBConnection.insertIntoDB(DBConnection.java:31) ]
INFO:Insert Query ->Insert into EmployeeDetails values('101','Neena Kochhar','NKOCHHAR@abc.com','515.123.4568','21-09-2005','AD_VP','17000',' - ','100','90',getDate())
2022-07-14 12:56:47 pm [Thread: main][ Class:employeeAssignment.Main >> Method: employeeAssignment.DBConnection.insertIntoDB(DBConnection.java:31) ]
INFO:Insert Query ->Insert into EmployeeDetails values('102','Lex De Haan','LDEHAAN@abc.com','515.123.4569','13-01-2001','AD_VP','17000',' - ','100','90',getDate())
2022-07-14 12:56:47 pm [Thread: main][ Class:employeeAssignment.Main >> Method: employeeAssignment.DBConnection.insertIntoDB(DBConnection.java:31) ]
INFO:Insert Query ->Insert into EmployeeDetails values('103','Alexander Hunold','AHUNOLD@abc.com','590.423.4567','03-01-2006','IT_PROG','9000',' - ','102','60',getDate())
2022-07-14 12:56:47 pm [Thread: main][ Class:employeeAssignment.Main >> Method: employeeAssignment.DBConnection.insertIntoDB(DBConnection.java:31) ]
INFO:Insert Query ->Insert into EmployeeDetails values('104','Bruce Ernst','BERNST@abc.com','590.423.4568','21-05-2007','IT_PROG','6000',' - ','103','60',getDate())
2022-07-14 12:56:47 pm [Thread: main][ Class:employeeAssignment.Main >> Method: employeeAssignment.DBConnection.insertIntoDB(DBConnection.java:31) ]
INFO:Insert Query ->Insert into EmployeeDetails values('105','David Austin','DAUSTIN@abc.com','590.423.4569','25-06-2005','IT_PROG','4800',' - ','103','60',getDate())
2022-07-14 12:56:47 pm [Thread: main][ Class:employeeAssignment.Main >> Method: employeeAssignment.DBConnection.insertIntoDB(DBConnection.java:31) ]
INFO:Insert Query ->Insert into EmployeeDetails values('106','Valli Pataballa','VPATABAL@abc.com','590.423.4560','05-02-2006','IT_PROG','4800',' - ','103','60',getDate())
2022-07-14 12:56:47 pm [Thread: main][ Class:employeeAssignment.Main >> Method: employeeAssignment.DBConnection.insertIntoDB(DBConnection.java:31) ]
INFO:Insert Query ->Insert into EmployeeDetails values('107','Diana Lorentz','DLORENTZ@abc.com','590.423.5567','07-02-2007','IT_PROG','4200',' - ','103','60',getDate())
2022-07-14 12:56:47 pm [Thread: main][ Class:employeeAssignment.Main >> Method: employeeAssignment.DBConnection.insertIntoDB(DBConnection.java:31) ]
INFO:Insert Query ->Insert into EmployeeDetails values('108','Nancy Greenberg','NGREENBE@abc.com','515.124.4569','17-08-2002','FI_MGR','12008',' - ','101','100',getDate())
2022-07-14 12:56:47 pm [Thread: main][ Class:employeeAssignment.Main >> Method: employeeAssignment.DBConnection.insertIntoDB(DBConnection.java:31) ]
INFO:Insert Query ->Insert into EmployeeDetails values('109','Daniel Faviet','DFAVIET@abc.com','515.124.4169','16-08-2002','FI_ACCOUNT','9000',' - ','108','100',getDate())
2022-07-14 12:56:47 pm [Thread: main][ Class:employeeAssignment.Main >> Method: employeeAssignment.DBConnection.insertIntoDB(DBConnection.java:31) ]
INFO:Insert Query ->Insert into EmployeeDetails_Failed values('110','-','-','515.124/4269','-','FI_ACCOUNT','-','-','108','100',getDate())
2022-07-14 12:56:47 pm [Thread: main][ Class:employeeAssignment.Main >> Method: employeeAssignment.DBConnection.insertIntoDB(DBConnection.java:31) ]
INFO:Insert Query ->Insert into EmployeeDetails values('110','John Chen','JCHEN@abc.com','-','28-09-2005','FI_ACCOUNT','8200',' - ','108','100',getDate())
2022-07-14 12:56:47 pm [Thread: main][ Class:employeeAssignment.Main >> Method: employeeAssignment.DBConnection.insertIntoDB(DBConnection.java:31) ]
INFO:Insert Query ->Insert into EmployeeDetails values('111','Ismael Sciarra','ISCIARRA@abc.com','515.124.4369','30-09-2005','FI_ACCOUNT','7700',' - ','108','100',getDate())
2022-07-14 12:56:47 pm [Thread: main][ Class:employeeAssignment.Main >> Method: employeeAssignment.DBConnection.insertIntoDB(DBConnection.java:31) ]
INFO:Insert Query ->Insert into EmployeeDetails values('112','Jose Manuel Urman','JMURMAN@abc.com','515.124.4469','07-03-2006','FI_ACCOUNT','7800',' - ','108','100',getDate())
2022-07-14 12:56:47 pm [Thread: main][ Class:employeeAssignment.Main >> Method: employeeAssignment.DBConnection.insertIntoDB(DBConnection.java:31) ]
INFO:Insert Query ->Insert into EmployeeDetails values('113','Luis Popp','LPOPP@abc.com','515.124.4567','07-12-2007','FI_ACCOUNT','6900',' - ','108','100',getDate())
2022-07-14 12:56:47 pm [Thread: main][ Class:employeeAssignment.Main >> Method: employeeAssignment.DBConnection.insertIntoDB(DBConnection.java:31) ]
INFO:Insert Query ->Insert into EmployeeDetails values('114','Den Raphaely','DRAPHEAL@abc.com','515.127.4561','07-12-2002','PU_MAN','11000',' - ','100','30',getDate())
2022-07-14 12:56:47 pm [Thread: main][ Class:employeeAssignment.Main >> Method: employeeAssignment.DBConnection.insertIntoDB(DBConnection.java:31) ]
INFO:Insert Query ->Insert into EmployeeDetails values('115','Alexander Khoo','AKHOO@abc.com','515.127.4562','18-05-2003','PU_CLERK','3100',' - ','114','30',getDate())
2022-07-14 12:56:47 pm [Thread: main][ Class:employeeAssignment.Main >> Method: employeeAssignment.DBConnection.insertIntoDB(DBConnection.java:31) ]
INFO:Insert Query ->Insert into EmployeeDetails values('116','Shelli Baida','SBAIDA@abc.com','515.127.4563','24-12-2005','PU_CLERK','2900',' - ','114','30',getDate())
2022-07-14 12:56:47 pm [Thread: main][ Class:employeeAssignment.Main >> Method: employeeAssignment.DBConnection.insertIntoDB(DBConnection.java:31) ]
INFO:Insert Query ->Insert into EmployeeDetails values('117','Sigal Tobias','STOBIAS@abc.com','515.127.4564','24-07-2005','PU_CLERK','2800',' - ','114','30',getDate())
2022-07-14 12:56:47 pm [Thread: main][ Class:employeeAssignment.Main >> Method: employeeAssignment.DBConnection.insertIntoDB(DBConnection.java:31) ]
INFO:Insert Query ->Insert into EmployeeDetails values('118','Guy Himuro','GHIMURO@abc.com','515.127.4565','15-11-2006','PU_CLERK','2600',' - ','114','30',getDate())
2022-07-14 12:56:47 pm [Thread: main][ Class:employeeAssignment.Main >> Method: employeeAssignment.DBConnection.insertIntoDB(DBConnection.java:31) ]
INFO:Insert Query ->Insert into EmployeeDetails values('119','Karen Colmenares','KCOLMENA@abc.com','515.127.4566','10-08-2007','PU_CLERK','2500',' - ','114','30',getDate())
2022-07-14 12:56:47 pm [Thread: main][ Class:employeeAssignment.Main >> Method: employeeAssignment.DBConnection.insertIntoDB(DBConnection.java:31) ]
INFO:Insert Query ->Insert into EmployeeDetails values('120','Matthew Weiss','MWEISS@abc.com','650.123.1234','18-07-2004','ST_MAN','8000',' - ','100','50',getDate())
2022-07-14 12:56:47 pm [Thread: main][ Class:employeeAssignment.Main >> Method: employeeAssignment.DBConnection.insertIntoDB(DBConnection.java:31) ]
INFO:Insert Query ->Insert into EmployeeDetails values('121','Adam Fripp','AFRIPP@abc.com','650.123.2234','10-04-2005','ST_MAN','8200',' - ','100','50',getDate())
2022-07-14 12:56:47 pm [Thread: main][ Class:employeeAssignment.Main >> Method: employeeAssignment.DBConnection.insertIntoDB(DBConnection.java:31) ]
INFO:Insert Query ->Insert into EmployeeDetails values('122','Payam Kaufling','PKAUFLIN@abc.com','650.123.3234','01-05-2003','ST_MAN','7900',' - ','100','50',getDate())
2022-07-14 12:56:47 pm [Thread: main][ Class:employeeAssignment.Main >> Method: employeeAssignment.DBConnection.insertIntoDB(DBConnection.java:31) ]
INFO:Insert Query ->Insert into EmployeeDetails values('123','Shanta Vollman','SVOLLMAN@abc.com','650.123.4234','10-10-2005','ST_MAN','6500',' - ','100','50',getDate())
2022-07-14 12:56:47 pm [Thread: main][ Class:employeeAssignment.Main >> Method: employeeAssignment.DBConnection.insertIntoDB(DBConnection.java:31) ]
INFO:Insert Query ->Insert into EmployeeDetails values('124','Kevin Mourgos','KMOURGOS@abc.com','650.123.5234','16-11-2007','ST_MAN','5800',' - ','100','50',getDate())
2022-07-14 12:56:48 pm [Thread: main][ Class:employeeAssignment.Main >> Method: employeeAssignment.DBConnection.insertIntoDB(DBConnection.java:31) ]
INFO:Insert Query ->Insert into EmployeeDetails values('125','Julia Nayer','JNAYER@abc.com','650.124.1214','16-07-2005','ST_CLERK','3200',' - ','120','50',getDate())
2022-07-14 12:56:48 pm [Thread: main][ Class:employeeAssignment.Main >> Method: employeeAssignment.DBConnection.insertIntoDB(DBConnection.java:31) ]
INFO:Insert Query ->Insert into EmployeeDetails values('126','Irene Mikkilineni','IMIKKILI@abc.com','650.124.1224','28-09-2006','ST_CLERK','2700',' - ','120','50',getDate())
2022-07-14 12:56:48 pm [Thread: main][ Class:employeeAssignment.Main >> Method: employeeAssignment.DBConnection.insertIntoDB(DBConnection.java:31) ]
INFO:Insert Query ->Insert into EmployeeDetails values('127','James Landry','JLANDRY@abc.com','650.124.1334','14-01-2007','ST_CLERK','2400',' - ','120','50',getDate())
2022-07-14 12:56:48 pm [Thread: main][ Class:employeeAssignment.Main >> Method: employeeAssignment.DBConnection.insertIntoDB(DBConnection.java:31) ]
INFO:Insert Query ->Insert into EmployeeDetails_Failed values('128','-','SMARKLE11111111111111111111111111111111111111111111111111111111111111111111111111111111111111111111111111111','-','-','ST_CLERK','-','-','120','50',getDate())
2022-07-14 12:56:48 pm [Thread: main][ Class:employeeAssignment.Main >> Method: employeeAssignment.DBConnection.insertIntoDB(DBConnection.java:31) ]
INFO:Insert Query ->Insert into EmployeeDetails values('128','Steven Markle','-','650.124.1434','08-03-2008','ST_CLERK','2200',' - ','120','50',getDate())
2022-07-14 12:56:48 pm [Thread: main][ Class:employeeAssignment.Main >> Method: employeeAssignment.DBConnection.insertIntoDB(DBConnection.java:31) ]
INFO:Insert Query ->Insert into EmployeeDetails_Failed values('129','-','LBISSOT@','-','-','ST_CLERK','-','-','121','50',getDate())
2022-07-14 12:56:48 pm [Thread: main][ Class:employeeAssignment.Main >> Method: employeeAssignment.DBConnection.insertIntoDB(DBConnection.java:31) ]
INFO:Insert Query ->Insert into EmployeeDetails values('129','Laura Bissot','-','650.124.5234','20-08-2005','ST_CLERK','3300',' - ','121','50',getDate())
2022-07-14 12:56:48 pm [Thread: main][ Class:employeeAssignment.Main >> Method: employeeAssignment.DBConnection.insertIntoDB(DBConnection.java:31) ]
INFO:Insert Query ->Insert into EmployeeDetails values('130','Mozhe Atkinson','MATKINSO@gmail.com','650.124.6234','30-10-2005','ST_CLERK','2800',' - ','121','50',getDate())
2022-07-14 12:56:48 pm [Thread: main][ Class:employeeAssignment.Main >> Method: employeeAssignment.DBConnection.insertIntoDB(DBConnection.java:31) ]
INFO:Insert Query ->Insert into EmployeeDetails values('131','James Marlow','JAMRLOW@abc.com','650.124.7234','16-02-2005','ST_CLERK','2500',' - ','121','50',getDate())
2022-07-14 12:56:48 pm [Thread: main][ Class:employeeAssignment.Main >> Method: employeeAssignment.DBConnection.insertIntoDB(DBConnection.java:31) ]
INFO:Insert Query ->Insert into EmployeeDetails values('132','TJ Olson','TJOLSON@abc.com','650.124.8234','10-04-2007','ST_CLERK','2100',' - ','121','50',getDate())
2022-07-14 12:56:48 pm [Thread: main][ Class:employeeAssignment.Main >> Method: employeeAssignment.DBConnection.insertIntoDB(DBConnection.java:31) ]
INFO:Insert Query ->Insert into EmployeeDetails values('133','Jason Mallin','JMALLIN@abc.com','650.127.1934','14-06-2004','ST_CLERK','3300',' - ','122','50',getDate())
2022-07-14 12:56:48 pm [Thread: main][ Class:employeeAssignment.Main >> Method: employeeAssignment.DBConnection.insertIntoDB(DBConnection.java:31) ]
INFO:Insert Query ->Insert into EmployeeDetails values('134','Michael Rogers','MROGERS@abc.com','650.127.1834','26-08-2006','ST_CLERK','2900',' - ','122','50',getDate())
2022-07-14 12:56:48 pm [Thread: main][ Class:employeeAssignment.Main >> Method: employeeAssignment.DBConnection.insertIntoDB(DBConnection.java:31) ]
INFO:Insert Query ->Insert into EmployeeDetails values('135','Ki Gee','KGEE@abc.com','650.127.1734','12-12-2007','ST_CLERK','2400',' - ','122','50',getDate())
2022-07-14 12:56:48 pm [Thread: main][ Class:employeeAssignment.Main >> Method: employeeAssignment.DBConnection.insertIntoDB(DBConnection.java:31) ]
INFO:Insert Query ->Insert into EmployeeDetails values('136','Hazel Philtanker','HPHILTAN@abc.com','650.127.1634','06-02-2008','ST_CLERK','2200',' - ','122','50',getDate())
2022-07-14 12:56:48 pm [Thread: main][ Class:employeeAssignment.Main >> Method: employeeAssignment.DBConnection.insertIntoDB(DBConnection.java:31) ]
INFO:Insert Query ->Insert into EmployeeDetails values('137','Renske Ladwig','RLADWIG@abc.com','650.121.1234','14-07-2003','ST_CLERK','3600',' - ','123','50',getDate())
2022-07-14 12:56:48 pm [Thread: main][ Class:employeeAssignment.Main >> Method: employeeAssignment.DBConnection.insertIntoDB(DBConnection.java:31) ]
INFO:Insert Query ->Insert into EmployeeDetails values('138','Stephen Stiles','SSTILES@abc.com','650.121.2034','26-10-2005','ST_CLERK','3200',' - ','123','50',getDate())
2022-07-14 12:56:48 pm [Thread: main][ Class:employeeAssignment.Main >> Method: employeeAssignment.DBConnection.insertIntoDB(DBConnection.java:31) ]
INFO:Insert Query ->Insert into EmployeeDetails values('139','John Seo','JSEO@abc.com','650.121.2019','12-02-2006','ST_CLERK','2700',' - ','123','50',getDate())
2022-07-14 12:56:48 pm [Thread: main][ Class:employeeAssignment.Main >> Method: employeeAssignment.DBConnection.insertIntoDB(DBConnection.java:31) ]
INFO:Insert Query ->Insert into EmployeeDetails values('140','Joshua Patel','JPATEL@abc.com','650.121.1834','06-04-2006','ST_CLERK','2500',' - ','123','50',getDate())
2022-07-14 12:56:48 pm [Thread: main][ Class:employeeAssignment.Main >> Method: employeeAssignment.DBConnection.insertIntoDB(DBConnection.java:31) ]
INFO:Insert Query ->Insert into EmployeeDetails_Failed values('1001','-','-','650.121.1AB','-','-','-','-','1001','-',getDate())
2022-07-14 12:56:48 pm [Thread: main][ Class:employeeAssignment.Main >> Method: employeeAssignment.DBConnection.insertIntoDB(DBConnection.java:31) ]
INFO:Insert Query ->Insert into EmployeeDetails values('1001','Sharma','-','-','07-07-2016','-','-','-','1001','-',getDate())
2022-07-14 12:56:48 pm [Thread: main][ Class:employeeAssignment.Main >> Method: employeeAssignment.Main.main(Main.java:56) ]
INFO:Success Report generated!
2022-07-14 12:56:48 pm [Thread: main][ Class:employeeAssignment.Main >> Method: employeeAssignment.Main.main(Main.java:67) ]
INFO:Failure Report generated!
